<?xml version="1.0" encoding="UTF-8"?>
<testsuite name="com.efimchick.ifmo.web.servlets.StatefulCalcServletTest" tests="13" skipped="0" failures="0" errors="0" timestamp="2019-11-20T14:51:39" hostname="VAIO" time="2.384">
  <properties/>
  <testcase name="test001" classname="com.efimchick.ifmo.web.servlets.StatefulCalcServletTest" time="1.72"/>
  <testcase name="test002" classname="com.efimchick.ifmo.web.servlets.StatefulCalcServletTest" time="0.03"/>
  <testcase name="test003" classname="com.efimchick.ifmo.web.servlets.StatefulCalcServletTest" time="0.019"/>
  <testcase name="test004" classname="com.efimchick.ifmo.web.servlets.StatefulCalcServletTest" time="0.02"/>
  <testcase name="test005" classname="com.efimchick.ifmo.web.servlets.StatefulCalcServletTest" time="0.046"/>
  <testcase name="test006" classname="com.efimchick.ifmo.web.servlets.StatefulCalcServletTest" time="0.043"/>
  <testcase name="test007" classname="com.efimchick.ifmo.web.servlets.StatefulCalcServletTest" time="0.035"/>
  <testcase name="test008" classname="com.efimchick.ifmo.web.servlets.StatefulCalcServletTest" time="0.031"/>
  <testcase name="test009" classname="com.efimchick.ifmo.web.servlets.StatefulCalcServletTest" time="0.042"/>
  <testcase name="test010" classname="com.efimchick.ifmo.web.servlets.StatefulCalcServletTest" time="0.023"/>
  <testcase name="test011" classname="com.efimchick.ifmo.web.servlets.StatefulCalcServletTest" time="0.28"/>
  <testcase name="test012" classname="com.efimchick.ifmo.web.servlets.StatefulCalcServletTest" time="0.059"/>
  <testcase name="testSources" classname="com.efimchick.ifmo.web.servlets.StatefulCalcServletTest" time="0.03"/>
  <system-out><![CDATA[configuring app with basedir: C:\Users\Илья\Java\IFMO_Servlets_20190915\.\src\main\webapp
Result can't be evaluated due to lack of data.
]]></system-out>
  <system-err><![CDATA[ноя 20, 2019 4:51:37 PM org.apache.coyote.AbstractProtocol init
INFO: Initializing ProtocolHandler ["http-nio-8080"]
ноя 20, 2019 4:51:37 PM org.apache.tomcat.util.net.NioSelectorPool getSharedSelector
INFO: Using a shared selector for servlet write/read
ноя 20, 2019 4:51:37 PM org.apache.catalina.core.StandardService startInternal
INFO: Starting service Tomcat
ноя 20, 2019 4:51:37 PM org.apache.catalina.core.StandardEngine startInternal
INFO: Starting Servlet Engine: Apache Tomcat/8.0.47
ноя 20, 2019 4:51:38 PM org.apache.catalina.startup.ContextConfig getDefaultWebXmlFragment
INFO: No global web.xml found
ноя 20, 2019 4:51:39 PM org.apache.jasper.servlet.TldScanner scanJars
INFO: At least one JAR was scanned for TLDs yet contained no TLDs. Enable debug logging for this logger for a complete list of JARs that were scanned but no TLDs were found in them. Skipping unneeded JARs during scanning can improve startup time and JSP compilation time.
ноя 20, 2019 4:51:39 PM org.apache.coyote.AbstractProtocol start
INFO: Starting ProtocolHandler ["http-nio-8080"]
ноя 20, 2019 4:51:42 PM org.apache.coyote.AbstractProtocol pause
INFO: Pausing ProtocolHandler ["http-nio-8080"]
ноя 20, 2019 4:51:42 PM org.apache.catalina.core.StandardService stopInternal
INFO: Stopping service Tomcat
ноя 20, 2019 4:51:42 PM org.apache.coyote.AbstractProtocol stop
INFO: Stopping ProtocolHandler ["http-nio-8080"]
]]></system-err>
</testsuite>
